<?xml version="1.0" encoding="UTF-8"?>
<!-- Generated by org.testng.reporters.JUnitReportReporter -->
<testsuite skipped="0" hostname="Raviraj-PC" name="Demo.Unseletedtestcases" tests="3" failures="0" timestamp="13 Mar 2021 05:13:18 GMT" time="0.016" errors="0">
  <testcase name="testcase4" time="0.016" classname="Demo.Unseletedtestcases"/>
  <testcase name="testcase3" time="0.000" classname="Demo.Unseletedtestcases"/>
  <testcase name="testcase5" time="0.000" classname="Demo.Unseletedtestcases"/>
</testsuite> <!-- Demo.Unseletedtestcases -->
