<?xml version="1.0" encoding="UTF-8"?>
<!-- Generated by org.testng.reporters.JUnitReportReporter -->
<testsuite skipped="0" hostname="Raviraj-PC" name="com.qa.test.Unseletedtestcases" tests="3" failures="0" timestamp="12 Mar 2021 07:48:42 GMT" time="0.006" errors="0">
  <testcase name="testcase4" time="0.003" classname="com.qa.test.Unseletedtestcases"/>
  <testcase name="testcase3" time="0.003" classname="com.qa.test.Unseletedtestcases"/>
  <testcase name="testcase5" time="0.000" classname="com.qa.test.Unseletedtestcases"/>
</testsuite> <!-- com.qa.test.Unseletedtestcases -->
