<?xml version="1.0" encoding="UTF-8"?>
<!-- Generated by org.testng.reporters.JUnitReportReporter -->
<testsuite skipped="0" hostname="Raviraj-PC" name="com.qa.test.Selectedtestcaseexecution" tests="2" failures="0" timestamp="12 Mar 2021 07:48:42 GMT" time="0.047" errors="0">
  <testcase name="testcase1" time="0.042" classname="com.qa.test.Selectedtestcaseexecution"/>
  <testcase name="testcase2" time="0.005" classname="com.qa.test.Selectedtestcaseexecution"/>
</testsuite> <!-- com.qa.test.Selectedtestcaseexecution -->
