<?xml version="1.0" encoding="UTF-8"?>
<!-- Generated by org.testng.reporters.JUnitReportReporter -->
<testsuite skipped="0" hostname="Raviraj-PC" name="com.qa.test.grouppingtestcases" tests="5" failures="0" timestamp="12 Mar 2021 07:47:55 GMT" time="0.071" errors="0">
  <testcase name="testcase1" time="0.062" classname="com.qa.test.grouppingtestcases"/>
  <testcase name="testcase2" time="0.005" classname="com.qa.test.grouppingtestcases"/>
  <testcase name="testcase3" time="0.002" classname="com.qa.test.grouppingtestcases"/>
  <testcase name="testcase4" time="0.002" classname="com.qa.test.grouppingtestcases"/>
  <testcase name="testcase5" time="0.000" classname="com.qa.test.grouppingtestcases"/>
</testsuite> <!-- com.qa.test.grouppingtestcases -->
