<?xml version="1.0" encoding="UTF-8"?>
<!-- Generated by org.testng.reporters.JUnitReportReporter -->
<testsuite skipped="0" hostname="Raviraj-PC" name="Demo.Selectedtestcaseexecution" tests="2" failures="0" timestamp="13 Mar 2021 05:13:18 GMT" time="0.047" errors="0">
  <testcase name="testcase1" time="0.032" classname="Demo.Selectedtestcaseexecution"/>
  <testcase name="testcase2" time="0.015" classname="Demo.Selectedtestcaseexecution"/>
</testsuite> <!-- Demo.Selectedtestcaseexecution -->
